\BOOKMARK [0][-]{chapter*.3}{\376\377\000A\000b\000s\000t\000r\000a\000c\000t}{}% 1
\BOOKMARK [0][-]{chapter*.4}{\376\377\000L\000i\000s\000t\000\040\000o\000f\000\040\000F\000i\000g\000u\000r\000e\000s}{}% 2
\BOOKMARK [0][-]{chapter*.5}{\376\377\000L\000i\000s\000t\000\040\000o\000f\000\040\000T\000a\000b\000l\000e\000s}{}% 3
\BOOKMARK [0][-]{chapter.1}{\376\377\000I\000N\000T\000R\000O\000D\000U\000C\000T\000I\000O\000N}{}% 4
\BOOKMARK [1][-]{section.1.1}{\376\377\000B\000a\000c\000k\000g\000r\000o\000u\000n\000d\000\040\000a\000n\000d\000\040\000R\000e\000s\000e\000a\000r\000c\000h\000\040\000M\000o\000t\000i\000v\000a\000t\000i\000o\000n}{chapter.1}% 5
\BOOKMARK [1][-]{section.1.2}{\376\377\000R\000e\000s\000e\000a\000r\000c\000h\000\040\000P\000r\000o\000b\000l\000e\000m\000\040\000a\000n\000d\000\040\000G\000a\000p}{chapter.1}% 6
\BOOKMARK [1][-]{section.1.3}{\376\377\000R\000e\000s\000e\000a\000r\000c\000h\000\040\000O\000b\000j\000e\000c\000t\000i\000v\000e\000s\000,\000\040\000Q\000u\000e\000s\000t\000i\000o\000n\000s\000,\000\040\000a\000n\000d\000\040\000S\000c\000o\000p\000e}{chapter.1}% 7
\BOOKMARK [1][-]{section.1.4}{\376\377\000T\000h\000e\000s\000i\000s\000\040\000S\000t\000r\000u\000c\000t\000u\000r\000e}{chapter.1}% 8
\BOOKMARK [0][-]{chapter.2}{\376\377\000L\000I\000T\000E\000R\000A\000T\000U\000R\000E\000\040\000R\000E\000V\000I\000E\000W}{}% 9
\BOOKMARK [1][-]{section.2.1}{\376\377\000A\000I\000-\000B\000a\000s\000e\000d\000\040\000M\000e\000n\000t\000a\000l\000-\000H\000e\000a\000l\000t\000h\000\040\000S\000u\000p\000p\000o\000r\000t}{chapter.2}% 10
\BOOKMARK [2][-]{subsection.2.1.1}{\376\377\000S\000c\000r\000e\000e\000n\000i\000n\000g\000\040\000M\000e\000a\000s\000u\000r\000e\000s}{section.2.1}% 11
\BOOKMARK [2][-]{subsection.2.1.2}{\376\377\000L\000L\000M\000\040\000S\000u\000p\000p\000o\000r\000t\000\040\000S\000y\000s\000t\000e\000m\000s}{section.2.1}% 12
\BOOKMARK [2][-]{subsection.2.1.3}{\376\377\000O\000n\000e\000-\000t\000o\000-\000O\000n\000e\000\040\000L\000i\000m\000i\000t\000s}{section.2.1}% 13
\BOOKMARK [1][-]{section.2.2}{\376\377\000T\000h\000e\000r\000a\000p\000e\000u\000t\000i\000c\000\040\000F\000o\000u\000n\000d\000a\000t\000i\000o\000n\000s\000\040\000f\000o\000r\000\040\000S\000t\000r\000u\000c\000t\000u\000r\000e\000d\000\040\000S\000u\000p\000p\000o\000r\000t}{chapter.2}% 14
\BOOKMARK [2][-]{subsection.2.2.1}{\376\377\000C\000B\000T\000\040\000C\000o\000m\000p\000e\000t\000e\000n\000c\000e}{section.2.2}% 15
\BOOKMARK [2][-]{subsection.2.2.2}{\376\377\000M\000B\000I\000\040\000a\000n\000d\000\040\000B\000A}{section.2.2}% 16
\BOOKMARK [2][-]{subsection.2.2.3}{\376\377\000S\000a\000f\000e\000t\000y\000\040\000B\000o\000u\000n\000d\000a\000r\000i\000e\000s}{section.2.2}% 17
\BOOKMARK [1][-]{section.2.3}{\376\377\000V\000i\000r\000t\000u\000a\000l\000\040\000G\000r\000o\000u\000p\000\040\000T\000h\000e\000r\000a\000p\000y}{chapter.2}% 18
\BOOKMARK [2][-]{subsection.2.3.1}{\376\377\000W\000h\000y\000\040\000G\000r\000o\000u\000p\000\040\000S\000u\000p\000p\000o\000r\000t}{section.2.3}% 19
\BOOKMARK [2][-]{subsection.2.3.2}{\376\377\000Y\000a\000l\000o\000m\000\040\000F\000a\000c\000t\000o\000r\000s}{section.2.3}% 20
\BOOKMARK [2][-]{subsection.2.3.3}{\376\377\000B\000l\000a\000c\000k\000b\000o\000a\000r\000d\000\040\000C\000o\000o\000r\000d\000i\000n\000a\000t\000i\000o\000n}{section.2.3}% 21
\BOOKMARK [1][-]{section.2.4}{\376\377\000E\000v\000a\000l\000u\000a\000t\000i\000o\000n\000\040\000o\000f\000\040\000L\000L\000M\000\040\000M\000e\000n\000t\000a\000l\000-\000H\000e\000a\000l\000t\000h\000\040\000S\000y\000s\000t\000e\000m\000s}{chapter.2}% 22
\BOOKMARK [2][-]{subsection.2.4.1}{\376\377\000B\000e\000h\000a\000v\000i\000o\000r\000a\000l\000\040\000S\000a\000f\000e\000t\000y}{section.2.4}% 23
\BOOKMARK [2][-]{subsection.2.4.2}{\376\377\000J\000u\000d\000g\000e\000s\000\040\000a\000n\000d\000\040\000S\000y\000n\000t\000h\000e\000t\000i\000c\000\040\000D\000a\000t\000a}{section.2.4}% 24
\BOOKMARK [2][-]{subsection.2.4.3}{\376\377\000V\000S\000M\000\040\000R\000e\000q\000u\000i\000r\000e\000m\000e\000n\000t\000s}{section.2.4}% 25
\BOOKMARK [1][-]{section.2.5}{\376\377\000S\000u\000m\000m\000a\000r\000y\000\040\000a\000n\000d\000\040\000R\000e\000s\000e\000a\000r\000c\000h\000\040\000G\000a\000p}{chapter.2}% 26
\BOOKMARK [0][-]{chapter.3}{\376\377\000M\000E\000T\000H\000O\000D\000O\000L\000O\000G\000Y}{}% 27
\BOOKMARK [1][-]{section.3.1}{\376\377\000D\000e\000s\000i\000g\000n\000\040\000G\000o\000a\000l\000s}{chapter.3}% 28
\BOOKMARK [1][-]{section.3.2}{\376\377\000T\000h\000e\000r\000a\000p\000i\000s\000t\000\040\000C\000o\000r\000e}{chapter.3}% 29
\BOOKMARK [2][-]{subsection.3.2.1}{\376\377\000C\000l\000i\000n\000i\000c\000a\000l\000\040\000I\000n\000t\000a\000k\000e\000\040\000a\000n\000d\000\040\000R\000o\000u\000t\000i\000n\000g}{section.3.2}% 30
\BOOKMARK [3][-]{subsubsection.3.2.1.1}{\376\377\000R\000o\000u\000t\000e\000\040\000S\000e\000l\000e\000c\000t\000i\000o\000n}{subsection.3.2.1}% 31
\BOOKMARK [3][-]{subsubsection.3.2.1.2}{\376\377\000C\000r\000i\000s\000i\000s\000\040\000B\000y\000p\000a\000s\000s}{subsection.3.2.1}% 32
\BOOKMARK [2][-]{subsection.3.2.2}{\376\377\000E\000v\000i\000d\000e\000n\000c\000e\000-\000G\000a\000t\000e\000d\000\040\000S\000t\000a\000g\000e\000\040\000C\000o\000n\000t\000r\000o\000l}{section.3.2}% 33
\BOOKMARK [3][-]{subsubsection.3.2.2.1}{\376\377\000E\000v\000i\000d\000e\000n\000c\000e\000\040\000E\000x\000t\000r\000a\000c\000t\000i\000o\000n}{subsection.3.2.2}% 34
\BOOKMARK [3][-]{subsubsection.3.2.2.2}{\376\377\000R\000o\000u\000t\000e\000\040\000C\000o\000n\000t\000r\000a\000c\000t\000s}{subsection.3.2.2}% 35
\BOOKMARK [3][-]{subsubsection.3.2.2.3}{\376\377\000S\000t\000a\000g\000e\000\040\000F\000S\000M}{subsection.3.2.2}% 36
\BOOKMARK [2][-]{subsection.3.2.3}{\376\377\000T\000h\000e\000r\000a\000p\000i\000s\000t\000\040\000R\000e\000a\000s\000o\000n\000i\000n\000g}{section.3.2}% 37
\BOOKMARK [3][-]{subsubsection.3.2.3.1}{\376\377\000C\000a\000s\000e\000\040\000F\000o\000r\000m\000u\000l\000a\000t\000i\000o\000n}{subsection.3.2.3}% 38
\BOOKMARK [3][-]{subsubsection.3.2.3.2}{\376\377\000S\000t\000a\000g\000e\000\040\000K\000n\000o\000w\000l\000e\000d\000g\000e\000\040\000a\000n\000d\000\040\000S\000t\000y\000l\000e}{subsection.3.2.3}% 39
\BOOKMARK [3][-]{subsubsection.3.2.3.3}{\376\377\000T\000h\000e\000r\000a\000p\000i\000s\000t\000\040\000P\000l\000a\000n\000n\000i\000n\000g}{subsection.3.2.3}% 40
\BOOKMARK [1][-]{section.3.3}{\376\377\000B\000l\000a\000c\000k\000b\000o\000a\000r\000d\000\040\000C\000o\000o\000r\000d\000i\000n\000a\000t\000i\000o\000n}{chapter.3}% 41
\BOOKMARK [2][-]{subsection.3.3.1}{\376\377\000S\000h\000a\000r\000e\000d\000\040\000S\000t\000a\000t\000e\000\040\000a\000n\000d\000\040\000D\000i\000a\000l\000o\000g\000u\000e\000\040\000G\000r\000a\000p\000h}{section.3.3}% 42
\BOOKMARK [2][-]{subsection.3.3.2}{\376\377\000O\000u\000t\000p\000u\000t\000\040\000A\000s\000s\000e\000m\000b\000l\000y}{section.3.3}% 43
\BOOKMARK [2][-]{subsection.3.3.3}{\376\377\000V\000i\000s\000i\000b\000l\000e\000\040\000M\000e\000m\000o\000r\000y\000\040\000a\000n\000d\000\040\000I\000n\000t\000e\000r\000n\000a\000l\000\040\000T\000r\000a\000c\000e}{section.3.3}% 44
\BOOKMARK [1][-]{section.3.4}{\376\377\000P\000e\000e\000r\000\040\000S\000u\000p\000p\000o\000r\000t\000\040\000L\000a\000y\000e\000r}{chapter.3}% 45
\BOOKMARK [2][-]{subsection.3.4.1}{\376\377\000Y\000a\000l\000o\000m\000-\000I\000n\000s\000p\000i\000r\000e\000d\000\040\000P\000e\000e\000r\000\040\000D\000e\000s\000i\000g\000n}{section.3.4}% 46
\BOOKMARK [3][-]{subsubsection.3.4.1.1}{\376\377\000N\000a\000m\000\040\000P\000e\000e\000r\000\040\000R\000o\000l\000e}{subsection.3.4.1}% 47
\BOOKMARK [3][-]{subsubsection.3.4.1.2}{\376\377\000L\000i\000n\000h\000\040\000P\000e\000e\000r\000\040\000R\000o\000l\000e}{subsection.3.4.1}% 48
\BOOKMARK [2][-]{subsection.3.4.2}{\376\377\000C\000o\000n\000t\000r\000i\000b\000u\000t\000i\000o\000n\000\040\000C\000o\000n\000t\000r\000o\000l}{section.3.4}% 49
\BOOKMARK [3][-]{subsubsection.3.4.2.1}{\376\377\000C\000o\000n\000t\000r\000i\000b\000u\000t\000i\000o\000n\000\040\000a\000n\000d\000\040\000S\000i\000l\000e\000n\000c\000e}{subsection.3.4.2}% 50
\BOOKMARK [3][-]{subsubsection.3.4.2.2}{\376\377\000P\000e\000r\000s\000o\000n\000a\000\040\000V\000a\000l\000i\000d\000a\000t\000i\000o\000n}{subsection.3.4.2}% 51
\BOOKMARK [3][-]{subsubsection.3.4.2.3}{\376\377\000T\000h\000e\000r\000a\000p\000i\000s\000t\000\040\000A\000p\000p\000r\000o\000v\000a\000l}{subsection.3.4.2}% 52
\BOOKMARK [1][-]{section.3.5}{\376\377\000S\000a\000f\000e\000t\000y\000\040\000a\000n\000d\000\040\000E\000v\000a\000l\000u\000a\000t\000i\000o\000n\000\040\000T\000r\000a\000c\000e}{chapter.3}% 53
\BOOKMARK [2][-]{subsection.3.5.1}{\376\377\000V\000a\000l\000i\000d\000a\000t\000i\000o\000n\000\040\000a\000n\000d\000\040\000S\000u\000p\000e\000r\000v\000i\000s\000o\000r\000\040\000A\000u\000d\000i\000t}{section.3.5}% 54
\BOOKMARK [3][-]{subsubsection.3.5.1.1}{\376\377\000R\000e\000s\000p\000o\000n\000s\000e\000\040\000V\000a\000l\000i\000d\000a\000t\000i\000o\000n}{subsection.3.5.1}% 55
\BOOKMARK [3][-]{subsubsection.3.5.1.2}{\376\377\000S\000u\000p\000e\000r\000v\000i\000s\000o\000r\000\040\000A\000u\000d\000i\000t}{subsection.3.5.1}% 56
\BOOKMARK [2][-]{subsection.3.5.2}{\376\377\000P\000s\000y\000c\000h\000o\000s\000o\000c\000i\000a\000l\000\040\000S\000a\000f\000e\000t\000y}{section.3.5}% 57
\BOOKMARK [3][-]{subsubsection.3.5.2.1}{\376\377\000S\000a\000f\000e\000t\000y\000\040\000C\000r\000i\000t\000i\000c\000s}{subsection.3.5.2}% 58
\BOOKMARK [3][-]{subsubsection.3.5.2.2}{\376\377\000C\000r\000i\000s\000i\000s\000\040\000B\000y\000p\000a\000s\000s}{subsection.3.5.2}% 59
\BOOKMARK [2][-]{subsection.3.5.3}{\376\377\000B\000e\000n\000c\000h\000m\000a\000r\000k\000\040\000L\000o\000g\000s}{section.3.5}% 60
\BOOKMARK [0][-]{chapter.4}{\376\377\000E\000X\000P\000E\000R\000I\000M\000E\000N\000T\000A\000L\000\040\000S\000E\000T\000U\000P\000\040\000A\000N\000D\000\040\000E\000V\000A\000L\000U\000A\000T\000I\000O\000N}{}% 61
\BOOKMARK [1][-]{section.4.1}{\376\377\000M\000e\000t\000h\000o\000d}{chapter.4}% 62
\BOOKMARK [2][-]{subsection.4.1.1}{\376\377\000T\000a\000s\000k\000s}{section.4.1}% 63
\BOOKMARK [2][-]{subsection.4.1.2}{\376\377\000L\000L\000M\000-\000a\000s\000-\000a\000-\000J\000u\000d\000g\000e}{section.4.1}% 64
\BOOKMARK [2][-]{subsection.4.1.3}{\376\377\000C\000o\000m\000p\000a\000r\000e\000d\000\040\000S\000y\000s\000t\000e\000m\000s\000\040\000a\000n\000d\000\040\000S\000c\000o\000r\000e\000\040\000R\000e\000p\000o\000r\000t\000i\000n\000g}{section.4.1}% 65
\BOOKMARK [1][-]{section.4.2}{\376\377\000D\000a\000t\000a\000s\000e\000t}{chapter.4}% 66
\BOOKMARK [2][-]{subsection.4.2.1}{\376\377\000D\000a\000t\000a\000s\000e\000t\000\040\000D\000e\000s\000i\000g\000n}{section.4.2}% 67
\BOOKMARK [2][-]{subsection.4.2.2}{\376\377\000D\000a\000t\000a\000s\000e\000t\000\040\000S\000t\000a\000t\000i\000s\000t\000i\000c\000s}{section.4.2}% 68
\BOOKMARK [1][-]{section.4.3}{\376\377\000M\000a\000i\000n\000\040\000R\000e\000s\000u\000l\000t\000s}{chapter.4}% 69
\BOOKMARK [2][-]{subsection.4.3.1}{\376\377\000O\000v\000e\000r\000a\000l\000l\000\040\000P\000e\000r\000f\000o\000r\000m\000a\000n\000c\000e}{section.4.3}% 70
\BOOKMARK [2][-]{subsection.4.3.2}{\376\377\000R\000o\000u\000t\000e\000-\000L\000e\000v\000e\000l\000\040\000P\000e\000r\000f\000o\000r\000m\000a\000n\000c\000e}{section.4.3}% 71
\BOOKMARK [2][-]{subsection.4.3.3}{\376\377\000S\000a\000f\000e\000t\000y\000\040\000a\000n\000d\000\040\000R\000o\000b\000u\000s\000t\000n\000e\000s\000s}{section.4.3}% 72
\BOOKMARK [2][-]{subsection.4.3.4}{\376\377\000C\000A\000P\000E\000-\000I\000I\000\040\000C\000o\000m\000p\000e\000t\000e\000n\000c\000e\000\040\000A\000n\000a\000l\000y\000s\000i\000s}{section.4.3}% 73
\BOOKMARK [2][-]{subsection.4.3.5}{\376\377\000Y\000a\000l\000o\000m\000\040\000G\000r\000o\000u\000p\000\040\000D\000y\000n\000a\000m\000i\000c\000s\000\040\000A\000n\000a\000l\000y\000s\000i\000s}{section.4.3}% 74
\BOOKMARK [1][-]{section.4.4}{\376\377\000A\000n\000a\000l\000y\000s\000i\000s}{chapter.4}% 75
\BOOKMARK [1][-]{section.4.5}{\376\377\000D\000i\000s\000c\000u\000s\000s\000i\000o\000n}{chapter.4}% 76
\BOOKMARK [0][-]{chapter.5}{\376\377\000C\000O\000N\000C\000L\000U\000S\000I\000O\000N}{}% 77
\BOOKMARK [1][-]{section.5.1}{\376\377\000S\000u\000m\000m\000a\000r\000y\000\040\000o\000f\000\040\000C\000o\000n\000t\000r\000i\000b\000u\000t\000i\000o\000n\000s}{chapter.5}% 78
\BOOKMARK [1][-]{section.5.2}{\376\377\000L\000i\000m\000i\000t\000a\000t\000i\000o\000n\000s}{chapter.5}% 79
\BOOKMARK [1][-]{section.5.3}{\376\377\000E\000t\000h\000i\000c\000a\000l\000\040\000B\000o\000u\000n\000d\000a\000r\000i\000e\000s\000\040\000a\000n\000d\000\040\000F\000u\000t\000u\000r\000e\000\040\000W\000o\000r\000k}{chapter.5}% 80
\BOOKMARK [1][-]{section.5.4}{\376\377\000C\000o\000n\000c\000l\000u\000s\000i\000o\000n}{chapter.5}% 81
\BOOKMARK [0][-]{chapter*.37}{\376\377\000R\000e\000f\000e\000r\000e\000n\000c\000e\000s}{}% 82
\BOOKMARK [0][-]{section*.38}{\376\377\000A\000p\000p\000e\000n\000d\000i\000c\000e\000s}{}% 83
\BOOKMARK [0][-]{appendix.1.A}{\376\377\000R\000o\000u\000t\000e\000\040\000S\000t\000a\000g\000e\000\040\000C\000o\000n\000t\000r\000a\000c\000t\000s}{}% 84
\BOOKMARK [0][-]{appendix.1.B}{\376\377\000A\000g\000e\000n\000t\000\040\000P\000r\000o\000m\000p\000t\000i\000n\000g\000\040\000a\000n\000d\000\040\000S\000a\000f\000e\000t\000y\000\040\000B\000o\000u\000n\000d\000a\000r\000i\000e\000s}{}% 85
\BOOKMARK [1][-]{section.1.B.1}{\376\377\000T\000h\000e\000r\000a\000p\000i\000s\000t\000\040\000O\000r\000c\000h\000e\000s\000t\000r\000a\000t\000o\000r}{appendix.1.B}% 86
\BOOKMARK [1][-]{section.1.B.2}{\376\377\000N\000a\000m\000:\000\040\000E\000m\000o\000t\000i\000o\000n\000a\000l\000\040\000M\000i\000r\000r\000o\000r}{appendix.1.B}% 87
\BOOKMARK [1][-]{section.1.B.3}{\376\377\000L\000i\000n\000h\000:\000\040\000H\000o\000p\000e\000\040\000W\000i\000t\000n\000e\000s\000s}{appendix.1.B}% 88
\BOOKMARK [1][-]{section.1.B.4}{\376\377\000S\000a\000f\000e\000t\000y\000\040\000B\000o\000u\000n\000d\000a\000r\000y\000\040\000S\000t\000a\000t\000e\000m\000e\000n\000t}{appendix.1.B}% 89
\BOOKMARK [0][-]{appendix.1.C}{\376\377\000S\000y\000s\000t\000e\000m\000\040\000a\000n\000d\000\040\000B\000e\000n\000c\000h\000m\000a\000r\000k\000\040\000A\000r\000t\000i\000f\000a\000c\000t\000s}{}% 90
\BOOKMARK [1][-]{section.1.C.1}{\376\377\000S\000y\000s\000t\000e\000m\000\040\000I\000m\000p\000l\000e\000m\000e\000n\000t\000a\000t\000i\000o\000n\000\040\000N\000o\000t\000e\000s}{appendix.1.C}% 91
\BOOKMARK [1][-]{section.1.C.2}{\376\377\000B\000e\000n\000c\000h\000m\000a\000r\000k\000\040\000A\000r\000t\000i\000f\000a\000c\000t\000s}{appendix.1.C}% 92
\BOOKMARK [1][-]{section.1.C.3}{\376\377\000R\000e\000c\000o\000m\000m\000e\000n\000d\000e\000d\000\040\000F\000i\000n\000a\000l\000\040\000E\000v\000a\000l\000u\000a\000t\000i\000o\000n\000\040\000P\000r\000o\000c\000e\000d\000u\000r\000e}{appendix.1.C}% 93
